2013/04/28 15:11:39 [error] [exception.CException] exception 'CException' with message 'CAssetManager.basePath "/var/www/yii/application/assets" is invalid. Please make sure the directory exists and is writable by the Web server process.' in /var/www/yii/framework/web/CAssetManager.php:138
Stack trace:
#0 /var/www/yii/framework/web/CAssetManager.php(123): CAssetManager->setBasePath('/var/www/yii/ap...')
#1 /var/www/yii/framework/web/CAssetManager.php(217): CAssetManager->getBasePath()
#2 /var/www/yii/framework/web/CClientScript.php(462): CAssetManager->publish('/var/www/yii/fr...')
#3 /var/www/yii/framework/web/CClientScript.php(499): CClientScript->getCoreScriptUrl()
#4 /var/www/yii/framework/web/CClientScript.php(315): CClientScript->getPackageBaseUrl('jquery')
#5 /var/www/yii/framework/web/CClientScript.php(208): CClientScript->renderCoreScripts()
#6 /var/www/yii/framework/web/CController.php(351): CClientScript->render('<!DOCTYPE html ...')
#7 /var/www/yii/framework/web/CController.php(788): CController->processOutput('<!DOCTYPE html ...')
#8 /var/www/yii/application/protected/controllers/SiteController.php(174): CController->render('login', Array)
#9 /var/www/yii/framework/web/actions/CInlineAction.php(49): SiteController->actionLogin()
#10 /var/www/yii/framework/web/CController.php(308): CInlineAction->runWithParams(Array)
#11 /var/www/yii/framework/web/CController.php(286): CController->runAction(Object(CInlineAction))
#12 /var/www/yii/framework/web/CController.php(265): CController->runActionWithFilters(Object(CInlineAction), Array)
#13 /var/www/yii/framework/web/CWebApplication.php(282): CController->run('login')
#14 /var/www/yii/framework/web/CWebApplication.php(141): CWebApplication->runController('site/login')
#15 /var/www/yii/framework/base/CApplication.php(169): CWebApplication->processRequest()
#16 /var/www/yii/application/index.php(14): CApplication->run()
#17 {main}
REQUEST_URI=/yii/application/index.php/site/login
---
2013/04/28 15:35:08 [error] [system.db.CDbCommand] CDbCommand::fetchAll() failed: SQLSTATE[42S22]: Column not found: 1054 Unknown column 'amountPaid' in 'where clause'. The SQL statement executed was: SELECT * FROM `Payment` `t` WHERE `t`.`senderId`=:yp0 AND (amountPaid = 0).
in /var/www/yii/application/protected/controllers/BillsController.php (28)
in /var/www/yii/application/index.php (14)
2013/04/28 15:35:23 [error] [system.db.CDbCommand] CDbCommand::fetchAll() failed: SQLSTATE[42S22]: Column not found: 1054 Unknown column 'amountPaid' in 'where clause'. The SQL statement executed was: SELECT * FROM `Payment` `t` WHERE `t`.`senderId`=:yp0 AND (amountPaid = 0).
in /var/www/yii/application/protected/controllers/BillsController.php (28)
in /var/www/yii/application/index.php (14)
2013/04/28 15:45:43 [error] [system.db.CDbCommand] CDbCommand::fetchAll() failed: SQLSTATE[42S22]: Column not found: 1054 Unknown column 'amountPaid' in 'where clause'. The SQL statement executed was: SELECT * FROM `Payment` `t` WHERE `t`.`senderId`=:yp0 AND (amountPaid = 0).
in /var/www/yii/application/protected/controllers/BillsController.php (28)
in /var/www/yii/application/index.php (14)
2013/04/28 15:45:48 [error] [system.db.CDbCommand] CDbCommand::fetchAll() failed: SQLSTATE[42S22]: Column not found: 1054 Unknown column 'amountPaid' in 'where clause'. The SQL statement executed was: SELECT * FROM `Payment` `t` WHERE `t`.`senderId`=:yp0 AND (amountPaid = 0).
in /var/www/yii/application/protected/controllers/BillsController.php (28)
in /var/www/yii/application/index.php (14)
2013/04/28 16:20:47 [error] [system.db.CDbCommand] CDbCommand::fetchAll() failed: SQLSTATE[42S22]: Column not found: 1054 Unknown column 'amountPaid' in 'where clause'. The SQL statement executed was: SELECT * FROM `Payment` `t` WHERE `t`.`senderId`=:yp0 AND (amountPaid = 0).
in /var/www/yii/application/protected/controllers/BillsController.php (28)
in /var/www/yii/application/index.php (14)
2013/04/28 16:22:14 [error] [system.db.CDbCommand] CDbCommand::fetchAll() failed: SQLSTATE[42S22]: Column not found: 1054 Unknown column 'amountPaid' in 'where clause'. The SQL statement executed was: SELECT * FROM `Payment` `t` WHERE `t`.`senderId`=:yp0 AND (amountPaid = 0).
in /var/www/yii/application/protected/controllers/BillsController.php (28)
in /var/www/yii/application/index.php (14)
2013/05/15 17:44:11 [error] [system.db.CDbCommand] CDbCommand::fetchAll() failed: SQLSTATE[42S22]: Column not found: 1054 Unknown column 'amountPaid' in 'where clause'. The SQL statement executed was: SELECT * FROM `Payment` `t` WHERE `t`.`senderId`=:yp0 AND (amountPaid = 0).
in /var/www/yii/application/protected/controllers/BillsController.php (28)
in /var/www/yii/application/index.php (14)
2013/05/15 17:44:36 [error] [system.db.CDbCommand] CDbCommand::fetchAll() failed: SQLSTATE[42S22]: Column not found: 1054 Unknown column 'amountPaid' in 'where clause'. The SQL statement executed was: SELECT * FROM `Payment` `t` WHERE `t`.`senderId`=:yp0 AND (amountPaid = 0).
in /var/www/yii/application/protected/controllers/BillsController.php (28)
in /var/www/yii/application/index.php (14)
2013/05/15 17:44:44 [error] [system.db.CDbCommand] CDbCommand::fetchAll() failed: SQLSTATE[42S22]: Column not found: 1054 Unknown column 'amountPaid' in 'where clause'. The SQL statement executed was: SELECT * FROM `Payment` `t` WHERE `t`.`senderId`=:yp0 AND (amountPaid = 0).
in /var/www/yii/application/protected/controllers/BillsController.php (28)
in /var/www/yii/application/index.php (14)
2013/05/15 17:46:12 [error] [system.db.CDbCommand] CDbCommand::fetchAll() failed: SQLSTATE[42S22]: Column not found: 1054 Unknown column 'amountPaid' in 'where clause'. The SQL statement executed was: SELECT * FROM `Payment` `t` WHERE `t`.`senderId`=:yp0 AND (amountPaid = 0).
in /var/www/yii/application/protected/controllers/BillsController.php (28)
in /var/www/yii/application/index.php (14)
2013/05/15 17:46:22 [error] [system.db.CDbCommand] CDbCommand::fetchAll() failed: SQLSTATE[42S22]: Column not found: 1054 Unknown column 'amountPaid' in 'where clause'. The SQL statement executed was: SELECT * FROM `Payment` `t` WHERE `t`.`senderId`=:yp0 AND (amountPaid = 0).
in /var/www/yii/application/protected/controllers/BillsController.php (28)
in /var/www/yii/application/index.php (14)
2013/05/19 01:22:49 [error] [php] Trying to get property of non-object (/var/www/yii/application/protected/controllers/ReceiptController.php:199)
Stack trace:
#0 /var/www/yii/framework/web/CController.php(286): ReceiptController->runAction()
#1 /var/www/yii/framework/web/CController.php(265): ReceiptController->runActionWithFilters()
#2 /var/www/yii/framework/web/CWebApplication.php(282): ReceiptController->run()
#3 /var/www/yii/framework/web/CWebApplication.php(141): CWebApplication->runController()
#4 /var/www/yii/framework/base/CApplication.php(169): CWebApplication->processRequest()
#5 /var/www/yii/application/index.php(14): CWebApplication->run()
REQUEST_URI=/yii/application/index.php/receipt/getAllUsersReceipts
in /var/www/yii/application/protected/controllers/ReceiptController.php (199)
in /var/www/yii/application/index.php (14)
2013/05/19 01:23:01 [error] [system.db.CDbCommand] CDbCommand::fetchAll() failed: SQLSTATE[42S22]: Column not found: 1054 Unknown column 'amountPaid' in 'where clause'. The SQL statement executed was: SELECT * FROM `Payment` `t` WHERE `t`.`senderId`=:yp0 AND (amountPaid = 0).
in /var/www/yii/application/protected/controllers/BillsController.php (28)
in /var/www/yii/application/index.php (14)
2013/05/19 01:23:21 [error] [php] Trying to get property of non-object (/var/www/yii/application/protected/controllers/ReceiptController.php:199)
Stack trace:
#0 /var/www/yii/framework/web/CController.php(286): ReceiptController->runAction()
#1 /var/www/yii/framework/web/CController.php(265): ReceiptController->runActionWithFilters()
#2 /var/www/yii/framework/web/CWebApplication.php(282): ReceiptController->run()
#3 /var/www/yii/framework/web/CWebApplication.php(141): CWebApplication->runController()
#4 /var/www/yii/framework/base/CApplication.php(169): CWebApplication->processRequest()
#5 /var/www/yii/application/index.php(14): CWebApplication->run()
REQUEST_URI=/yii/application/index.php/receipt/getAllUsersReceipts
in /var/www/yii/application/protected/controllers/ReceiptController.php (199)
in /var/www/yii/application/index.php (14)
2013/05/19 01:31:58 [error] [php] Trying to get property of non-object (/var/www/yii/application/protected/controllers/ReceiptController.php:199)
Stack trace:
#0 /var/www/yii/framework/web/CController.php(286): ReceiptController->runAction()
#1 /var/www/yii/framework/web/CController.php(265): ReceiptController->runActionWithFilters()
#2 /var/www/yii/framework/web/CWebApplication.php(282): ReceiptController->run()
#3 /var/www/yii/framework/web/CWebApplication.php(141): CWebApplication->runController()
#4 /var/www/yii/framework/base/CApplication.php(169): CWebApplication->processRequest()
#5 /var/www/yii/application/index.php(14): CWebApplication->run()
REQUEST_URI=/yii/application/index.php/receipt/getAllUsersReceipts
in /var/www/yii/application/protected/controllers/ReceiptController.php (199)
in /var/www/yii/application/index.php (14)
2013/05/19 01:36:32 [error] [php] Trying to get property of non-object (/var/www/yii/application/protected/controllers/ReceiptController.php:199)
Stack trace:
#0 /var/www/yii/framework/web/CController.php(286): ReceiptController->runAction()
#1 /var/www/yii/framework/web/CController.php(265): ReceiptController->runActionWithFilters()
#2 /var/www/yii/framework/web/CWebApplication.php(282): ReceiptController->run()
#3 /var/www/yii/framework/web/CWebApplication.php(141): CWebApplication->runController()
#4 /var/www/yii/framework/base/CApplication.php(169): CWebApplication->processRequest()
#5 /var/www/yii/application/index.php(14): CWebApplication->run()
REQUEST_URI=/yii/application/index.php/receipt/getAllUsersReceipts
in /var/www/yii/application/protected/controllers/ReceiptController.php (199)
in /var/www/yii/application/index.php (14)
2013/05/21 10:50:48 [error] [php] Trying to get property of non-object (/home/loki/yii/application/protected/controllers/ReceiptController.php:199)
Stack trace:
#0 /home/loki/yii/framework/web/CController.php(286): ReceiptController->runAction()
#1 /home/loki/yii/framework/web/CController.php(265): ReceiptController->runActionWithFilters()
#2 /home/loki/yii/framework/web/CWebApplication.php(282): ReceiptController->run()
#3 /home/loki/yii/framework/web/CWebApplication.php(141): CWebApplication->runController()
#4 /home/loki/yii/framework/base/CApplication.php(169): CWebApplication->processRequest()
#5 /home/loki/yii/application/index.php(14): CWebApplication->run()
REQUEST_URI=/yii/application/index.php/receipt/getAllUsersReceipts
in /home/loki/yii/application/protected/controllers/ReceiptController.php (199)
in /home/loki/yii/application/index.php (14)
2013/05/21 10:50:52 [error] [system.db.CDbCommand] CDbCommand::fetchAll() failed: SQLSTATE[42S22]: Column not found: 1054 Unknown column 'amountPaid' in 'where clause'. The SQL statement executed was: SELECT * FROM `Payment` `t` WHERE `t`.`senderId`=:yp0 AND (amountPaid = 0).
in /home/loki/yii/application/protected/controllers/BillsController.php (28)
in /home/loki/yii/application/index.php (14)
2013/05/22 00:00:42 [error] [exception.CHttpException.404] exception 'CHttpException' with message 'The system is unable to find the requested action "createWebApp".' in /home/loki/yii/framework/web/CController.php:483
Stack trace:
#0 /home/loki/yii/framework/web/CController.php(270): CController->missingAction('createWebApp')
#1 /home/loki/yii/framework/web/CWebApplication.php(282): CController->run('createWebApp')
#2 /home/loki/yii/framework/web/CWebApplication.php(141): CWebApplication->runController('group/createWeb...')
#3 /home/loki/yii/framework/base/CApplication.php(169): CWebApplication->processRequest()
#4 /home/loki/yii/application/index.php(14): CApplication->run()
#5 {main}
REQUEST_URI=/yii/application/index.php/group/createWebApp
---
2013/05/22 00:00:51 [error] [exception.CHttpException.404] exception 'CHttpException' with message 'The system is unable to find the requested action "createWebApp".' in /home/loki/yii/framework/web/CController.php:483
Stack trace:
#0 /home/loki/yii/framework/web/CController.php(270): CController->missingAction('createWebApp')
#1 /home/loki/yii/framework/web/CWebApplication.php(282): CController->run('createWebApp')
#2 /home/loki/yii/framework/web/CWebApplication.php(141): CWebApplication->runController('group/createWeb...')
#3 /home/loki/yii/framework/base/CApplication.php(169): CWebApplication->processRequest()
#4 /home/loki/yii/application/index.php(14): CApplication->run()
#5 {main}
REQUEST_URI=/yii/application/index.php/group/createWebApp
---
2013/05/22 00:01:11 [error] [exception.CHttpException.404] exception 'CHttpException' with message 'Unable to resolve the request "groups/createWebApp".' in /home/loki/yii/framework/web/CWebApplication.php:286
Stack trace:
#0 /home/loki/yii/framework/web/CWebApplication.php(141): CWebApplication->runController('groups/createWe...')
#1 /home/loki/yii/framework/base/CApplication.php(169): CWebApplication->processRequest()
#2 /home/loki/yii/application/index.php(14): CApplication->run()
#3 {main}
REQUEST_URI=/yii/application/index.php/groups/createWebApp
---
2013/05/22 00:01:13 [error] [exception.CHttpException.404] exception 'CHttpException' with message 'Unable to resolve the request "groups/createWebApp".' in /home/loki/yii/framework/web/CWebApplication.php:286
Stack trace:
#0 /home/loki/yii/framework/web/CWebApplication.php(141): CWebApplication->runController('groups/createWe...')
#1 /home/loki/yii/framework/base/CApplication.php(169): CWebApplication->processRequest()
#2 /home/loki/yii/application/index.php(14): CApplication->run()
#3 {main}
REQUEST_URI=/yii/application/index.php/groups/createWebApp
---
2013/05/22 00:19:42 [error] [exception.CHttpException.404] exception 'CHttpException' with message 'Unable to resolve the request "groups/createWebApp".' in /home/loki/yii/framework/web/CWebApplication.php:286
Stack trace:
#0 /home/loki/yii/framework/web/CWebApplication.php(141): CWebApplication->runController('groups/createWe...')
#1 /home/loki/yii/framework/base/CApplication.php(169): CWebApplication->processRequest()
#2 /home/loki/yii/application/index.php(14): CApplication->run()
#3 {main}
REQUEST_URI=/yii/application/index.php/groups/createWebApp
---
2013/05/22 00:19:43 [error] [exception.CHttpException.404] exception 'CHttpException' with message 'Unable to resolve the request "groups/createWebApp".' in /home/loki/yii/framework/web/CWebApplication.php:286
Stack trace:
#0 /home/loki/yii/framework/web/CWebApplication.php(141): CWebApplication->runController('groups/createWe...')
#1 /home/loki/yii/framework/base/CApplication.php(169): CWebApplication->processRequest()
#2 /home/loki/yii/application/index.php(14): CApplication->run()
#3 {main}
REQUEST_URI=/yii/application/index.php/groups/createWebApp
---
2013/05/22 00:19:56 [error] [exception.CHttpException.404] exception 'CHttpException' with message 'The system is unable to find the requested action "createWebApp".' in /home/loki/yii/framework/web/CController.php:483
Stack trace:
#0 /home/loki/yii/framework/web/CController.php(270): CController->missingAction('createWebApp')
#1 /home/loki/yii/framework/web/CWebApplication.php(282): CController->run('createWebApp')
#2 /home/loki/yii/framework/web/CWebApplication.php(141): CWebApplication->runController('group/createWeb...')
#3 /home/loki/yii/framework/base/CApplication.php(169): CWebApplication->processRequest()
#4 /home/loki/yii/application/index.php(14): CApplication->run()
#5 {main}
REQUEST_URI=/yii/application/index.php/group/createWebApp
---
